<?xml version="1.0" encoding="UTF-8"?>
<!-- Generated by org.testng.reporters.JUnitReportReporter -->
<testsuite hostname="CHNMCT389316L" failures="0" tests="3" name="StepDefinitions.ForeignSteps6" time="2.194" errors="0" timestamp="2022-05-06T10:23:34 IST" skipped="0">
  <testcase classname="StepDefinitions.ForeignSteps6" name="posted_with_future_date_information" time="1.840"/>
  <system-out/>
  <testcase classname="StepDefinitions.ForeignSteps6" name="api_for_foreign_exchange_two" time="0.349"/>
  <system-out/>
  <testcase classname="StepDefinitions.ForeignSteps6" name="validate_positive_response_code_received_from_futuredate" time="0.005"/>
  <system-out/>
</testsuite> <!-- StepDefinitions.ForeignSteps6 -->
