<?xml version="1.0" encoding="UTF-8"?>
<!-- Generated by org.testng.reporters.JUnitReportReporter -->
<testsuite hostname="CHNMCT389316L" failures="0" tests="3" name="StepDefinitions.Foreignsteps4" time="2.041" errors="0" timestamp="2022-05-06T10:23:59 IST" skipped="0">
  <testcase classname="StepDefinitions.Foreignsteps4" name="api_for_foreign_exchange_one" time="0.342"/>
  <system-out/>
  <testcase classname="StepDefinitions.Foreignsteps4" name="posted_with_incorrect_information" time="1.696"/>
  <system-out/>
  <testcase classname="StepDefinitions.Foreignsteps4" name="validate_negative_response_code_received" time="0.003"/>
  <system-out/>
</testsuite> <!-- StepDefinitions.Foreignsteps4 -->
