<?xml version="1.0" encoding="UTF-8"?>
<!-- Generated by org.testng.reporters.JUnitReportReporter -->
<testsuite hostname="CHNMCT389316L" failures="0" tests="3" name="StepDefinitions.ForeignSteps8" time="3.290" errors="0" timestamp="2022-05-06T11:59:38 IST" skipped="0">
  <testcase classname="StepDefinitions.ForeignSteps8" name="posted_with_multiple_set_of_data_information" time="2.577"/>
  <system-out/>
  <testcase classname="StepDefinitions.ForeignSteps8" name="validate_positive_response_code_received_from_login_page" time="0.010"/>
  <system-out/>
  <testcase classname="StepDefinitions.ForeignSteps8" name="api_for_for_login" time="0.703"/>
  <system-out/>
</testsuite> <!-- StepDefinitions.ForeignSteps8 -->
