<?xml version="1.0" encoding="UTF-8"?>
<!-- Generated by org.testng.reporters.JUnitReportReporter -->
<testsuite hostname="CHNMCT389316L" failures="0" tests="3" name="StepDefinitions.ForeignSteps1" time="2.110" errors="0" timestamp="2022-05-06T10:24:25 IST" skipped="0">
  <testcase classname="StepDefinitions.ForeignSteps1" name="api_for_foreign_exchange" time="0.347"/>
  <system-out/>
  <testcase classname="StepDefinitions.ForeignSteps1" name="posted_with_correct_information" time="1.761"/>
  <system-out/>
  <testcase classname="StepDefinitions.ForeignSteps1" name="validate_positive_response_code_received" time="0.002"/>
  <system-out/>
</testsuite> <!-- StepDefinitions.ForeignSteps1 -->
